 
****************************************
Report : area
Design : CONV
Version: H-2013.03-SP5
Date   : Sun Sep  6 23:01:17 2020
****************************************

Library(s) Used:

    slow (File: /usr/cad/CBDK_IC_Contest_v2.1/SynopsysDC/db/slow.db)

Number of ports:                          105
Number of nets:                          1079
Number of cells:                          757
Number of combinational cells:            608
Number of sequential cells:               144
Number of macros/black boxes:               0
Number of buf/inv:                        198
Number of references:                      87

Combinational area:              21587.533202
Buf/Inv area:                     3068.899232
Noncombinational area:            4810.431492
Macro/Black Box area:                0.000000
Net Interconnect area:          248314.580444

Total cell area:                 26397.964694
Total area:                     274712.545138
1
