 
****************************************
Report : area
Design : CONV
Version: Q-2019.12
Date   : Wed Sep 16 17:21:48 2020
****************************************

Library(s) Used:

    slow (File: /usr/cad/CBDK_IC_Contest_v2.1/SynopsysDC/db/slow.db)

Number of ports:                          540
Number of nets:                          2862
Number of cells:                         2168
Number of combinational cells:           2012
Number of sequential cells:               144
Number of macros/black boxes:               0
Number of buf/inv:                        447
Number of references:                      77

Combinational area:              21741.996563
Buf/Inv area:                     2909.343625
Noncombinational area:            4890.209312
Macro/Black Box area:                0.000000
Net Interconnect area:          248407.913574

Total cell area:                 26632.205876
Total area:                     275040.119450
1
